<?xml version="1.0" encoding="UTF-8"?>
<!-- Generated by org.testng.reporters.JUnitReportReporter -->
<testsuite hostname="DESKTOP-H0PI4DT" failures="0" tests="4" name="testNGexample.TestNGExample" time="0.035" errors="0" timestamp="2022-11-30T11:29:32 IST" skipped="0">
  <testcase classname="testNGexample.TestNGExample" name="payment" time="0.007"/>
  <system-out/>
  <testcase classname="testNGexample.TestNGExample" name="login" time="0.010"/>
  <system-out/>
  <testcase classname="testNGexample.TestNGExample" name="addItems" time="0.014"/>
  <system-out/>
  <testcase classname="testNGexample.TestNGExample" name="logout" time="0.004"/>
  <system-out/>
</testsuite> <!-- testNGexample.TestNGExample -->
