<?xml version="1.0" encoding="UTF-8"?>
<!-- Generated by org.testng.reporters.JUnitReportReporter -->
<testsuite hostname="DESKTOP-H0PI4DT" failures="0" tests="1" name="takeScreenshotExample.AmazonWishListTest" time="9.574" errors="0" timestamp="2022-12-02T16:22:39 IST" skipped="0">
  <testcase classname="takeScreenshotExample.AmazonWishListTest" name="alertHandle" time="9.574"/>
  <system-out/>
</testsuite> <!-- takeScreenshotExample.AmazonWishListTest -->
