<?xml version="1.0" encoding="UTF-8"?>
<!-- Generated by org.testng.reporters.JUnitReportReporter -->
<testsuite hostname="DESKTOP-H0PI4DT" failures="0" tests="1" name="javascriptExample.ModelExample" time="7.763" errors="0" timestamp="2022-12-02T15:10:11 IST" skipped="0">
  <testcase classname="javascriptExample.ModelExample" name="alertHandle" time="7.763"/>
  <system-out/>
</testsuite> <!-- javascriptExample.ModelExample -->
