<?xml version="1.0" encoding="UTF-8"?>
<!-- Generated by org.testng.reporters.JUnitReportReporter -->
<testsuite hostname="DESKTOP-H0PI4DT" failures="0" tests="1" name="javascriptExample.HighLight_elements" time="4.178" errors="0" timestamp="2022-12-02T15:20:26 IST" skipped="0">
  <testcase classname="javascriptExample.HighLight_elements" name="Text" time="4.178"/>
  <system-out/>
</testsuite> <!-- javascriptExample.HighLight_elements -->
