<?xml version="1.0" encoding="UTF-8"?>
<!-- Generated by org.testng.reporters.JUnitReportReporter -->
<testsuite hostname="DESKTOP-H0PI4DT" failures="0" tests="1" name="actionExample.MyntraTest" time="1.853" errors="0" timestamp="2022-12-02T15:38:38 IST" skipped="0">
  <testcase classname="actionExample.MyntraTest" name="alertHandle" time="1.853"/>
  <system-out/>
</testsuite> <!-- actionExample.MyntraTest -->
