<?xml version="1.0" encoding="UTF-8"?>
<!-- Generated by org.testng.reporters.JUnitReportReporter -->
<testsuite hostname="DESKTOP-H0PI4DT" failures="0" tests="1" name="frameExample.IFrame_PayTM" time="6.530" errors="0" timestamp="2022-12-01T16:13:23 IST" skipped="0">
  <testcase classname="frameExample.IFrame_PayTM" name="verifypayTMAccount" time="6.530"/>
  <system-out/>
</testsuite> <!-- frameExample.IFrame_PayTM -->
