<?xml version="1.0" encoding="UTF-8"?>
<!-- Generated by org.testng.reporters.JUnitReportReporter -->
<testsuite hostname="DESKTOP-H0PI4DT" failures="0" tests="1" name="actionExample.DragDropTest" time="5.866" errors="0" timestamp="2022-12-02T16:14:12 IST" skipped="0">
  <testcase classname="actionExample.DragDropTest" name="dragdrop" time="5.866"/>
  <system-out/>
</testsuite> <!-- actionExample.DragDropTest -->
