<?xml version="1.0" encoding="UTF-8"?>
<!-- Generated by org.testng.reporters.JUnitReportReporter -->
<testsuite hostname="DESKTOP-H0PI4DT" failures="0" tests="1" name="conditionalWaitExample.WaitForElementVisibleTest" time="15.689" errors="0" timestamp="2022-12-05T15:50:47 IST" skipped="0">
  <testcase classname="conditionalWaitExample.WaitForElementVisibleTest" name="enterValueTest" time="15.689"/>
  <system-out/>
</testsuite> <!-- conditionalWaitExample.WaitForElementVisibleTest -->
