<?xml version="1.0" encoding="UTF-8"?>
<!-- Generated by org.testng.reporters.JUnitReportReporter -->
<testsuite hostname="DESKTOP-H0PI4DT" failures="0" tests="1" name="frameExample.IFrame_SeleniumAction" time="9.410" errors="0" timestamp="2022-12-02T14:24:19 IST" skipped="0">
  <testcase classname="frameExample.IFrame_SeleniumAction" name="verifypayTMAccount" time="9.410"/>
  <system-out/>
</testsuite> <!-- frameExample.IFrame_SeleniumAction -->
