<?xml version="1.0" encoding="UTF-8"?>
<!-- Generated by org.testng.reporters.JUnitReportReporter -->
<testsuite hostname="DESKTOP-H0PI4DT" failures="0" tests="1" name="nopComm.LoginTest" time="30.935" errors="0" timestamp="2022-11-30T13:21:51 IST" skipped="0">
  <testcase classname="nopComm.LoginTest" name="verifyLogin" time="30.935"/>
  <system-out/>
</testsuite> <!-- nopComm.LoginTest -->
