<?xml version="1.0" encoding="UTF-8"?>
<!-- Generated by org.testng.reporters.JUnitReportReporter -->
<testsuite hostname="DESKTOP-H0PI4DT" failures="0" tests="1" name="conditionalWaitExample.HiddenElementExample" time="14.693" errors="0" timestamp="2022-12-05T16:15:06 IST" skipped="0">
  <testcase classname="conditionalWaitExample.HiddenElementExample" name="verifyTextBox" time="14.693"/>
  <system-out/>
</testsuite> <!-- conditionalWaitExample.HiddenElementExample -->
