<?xml version="1.0" encoding="UTF-8"?>
<!-- Generated by org.testng.reporters.JUnitReportReporter -->
<testsuite hostname="IBM-PF35YJF9" failures="0" tests="1" name="excelFileExample.RegisterStudentExcelTest" time="46.192" errors="0" timestamp="2022-12-08T14:02:21 IST" skipped="0">
  <testcase classname="excelFileExample.RegisterStudentExcelTest" name="RegistrationDataDrivernTest" time="46.192"/>
  <system-out/>
</testsuite> <!-- excelFileExample.RegisterStudentExcelTest -->
