<?xml version="1.0" encoding="UTF-8"?>
<!-- Generated by org.testng.reporters.JUnitReportReporter -->
<testsuite hostname="DESKTOP-H0PI4DT" failures="0" tests="2" name="nopComm_crossBrowser.LoginTest" time="76.165" errors="0" timestamp="2022-12-01T15:38:21 IST" skipped="0">
  <testcase classname="nopComm_crossBrowser.LoginTest" name="verifyLogin" time="38.879"/>
  <system-out/>
  <testcase classname="nopComm_crossBrowser.LoginTest" name="verifyLogin" time="37.286"/>
  <system-out/>
</testsuite> <!-- nopComm_crossBrowser.LoginTest -->
