<?xml version="1.0" encoding="UTF-8"?>
<!-- Generated by org.testng.reporters.JUnitReportReporter -->
<testsuite hostname="IBM-PF35YJF9" failures="0" tests="4" name="ddtExample.NOPCommApp" time="41.296" errors="0" timestamp="2022-12-07T15:11:16 IST" skipped="0">
  <testcase classname="ddtExample.NOPCommApp" name="verifyLoginFeatureWithInValid" time="10.816"/>
  <system-out/>
  <testcase classname="ddtExample.NOPCommApp" name="verifyLoginFeatureWithInValid" time="10.280"/>
  <system-out/>
  <testcase classname="ddtExample.NOPCommApp" name="verifyLoginFeatureWithInValid" time="10.115"/>
  <system-out/>
  <testcase classname="ddtExample.NOPCommApp" name="verifyLoginFeatureWithInValid" time="10.085"/>
  <system-out/>
</testsuite> <!-- ddtExample.NOPCommApp -->
