<?xml version="1.0" encoding="UTF-8"?>
<!-- Generated by org.testng.reporters.JUnitReportReporter -->
<testsuite hostname="IBM-PF35YJF9" failures="0" tests="1" name="nopCommLogExample.LoginTest" time="49.840" errors="0" timestamp="2022-12-07T14:10:01 IST" skipped="0">
  <testcase classname="nopCommLogExample.LoginTest" name="verifyLogin" time="49.840"/>
  <system-out/>
</testsuite> <!-- nopCommLogExample.LoginTest -->
