<?xml version="1.0" encoding="UTF-8"?>
<!-- Generated by org.testng.reporters.JUnitReportReporter -->
<testsuite hostname="DESKTOP-H0PI4DT" failures="0" tests="1" name="javascriptExample.MyntraTest" time="0.114" errors="0" timestamp="2022-12-02T15:14:27 IST" skipped="0">
  <testcase classname="javascriptExample.MyntraTest" name="alertHandle" time="0.114"/>
  <system-out/>
</testsuite> <!-- javascriptExample.MyntraTest -->
