<?xml version="1.0" encoding="UTF-8"?>
<!-- Generated by org.testng.reporters.JUnitReportReporter -->
<testsuite hostname="DESKTOP-H0PI4DT" failures="0" tests="2" name="controlExample.HandleListboxExample" time="8.907" errors="0" timestamp="2022-11-30T13:26:44 IST" skipped="0">
  <testcase classname="controlExample.HandleListboxExample" name="handlelist" time="4.593"/>
  <system-out/>
  <testcase classname="controlExample.HandleListboxExample" name="handlelist2" time="4.314"/>
  <system-out/>
</testsuite> <!-- controlExample.HandleListboxExample -->
