<?xml version="1.0" encoding="UTF-8"?>
<!-- Generated by org.testng.reporters.JUnitReportReporter -->
<testsuite hostname="DESKTOP-H0PI4DT" failures="0" tests="1" name="actionExample.RightClickDoubleClickTest" time="1.218" errors="0" timestamp="2022-12-02T15:58:50 IST" skipped="0">
  <testcase classname="actionExample.RightClickDoubleClickTest" name="DoubleClickTest" time="1.218"/>
  <system-out/>
</testsuite> <!-- actionExample.RightClickDoubleClickTest -->
