<?xml version="1.0" encoding="UTF-8"?>
<!-- Generated by org.testng.reporters.JUnitReportReporter -->
<testsuite hostname="DESKTOP-H0PI4DT" failures="0" tests="1" name="conditionalWaitExample.AlertElementExample" time="9.344" errors="0" timestamp="2022-12-05T16:12:08 IST" skipped="0">
  <testcase classname="conditionalWaitExample.AlertElementExample" name="verifyTextBox" time="9.344"/>
  <system-out/>
</testsuite> <!-- conditionalWaitExample.AlertElementExample -->
