<?xml version="1.0" encoding="UTF-8"?>
<!-- Generated by org.testng.reporters.JUnitReportReporter -->
<testsuite hostname="IBM-PF35YJF9" failures="0" tests="4" name="ddtExample.NOPCommApp" time="41.856" errors="0" timestamp="2022-12-09T11:54:13 IST" skipped="0">
  <testcase classname="ddtExample.NOPCommApp" name="verifyLoginFeatureWithInValid" time="10.483"/>
  <system-out/>
  <testcase classname="ddtExample.NOPCommApp" name="verifyLoginFeatureWithInValid" time="10.494"/>
  <system-out/>
  <testcase classname="ddtExample.NOPCommApp" name="verifyLoginFeatureWithInValid" time="10.479"/>
  <system-out/>
  <testcase classname="ddtExample.NOPCommApp" name="verifyLoginFeatureWithInValid" time="10.400"/>
  <system-out/>
</testsuite> <!-- ddtExample.NOPCommApp -->
